2025-02-27 14:59:03 - scripts.populate_sample_data - INFO - Populating database with 24 records over 24 hours...
2025-02-27 14:59:03 - scripts.populate_sample_data - INFO - Generating network status data...
2025-02-27 14:59:03 - scripts.populate_sample_data - ERROR - Error populating database: 'DatabaseCache' object has no attribute 'store_network_status_history'
2025-02-27 14:59:03 - scripts.populate_sample_data - ERROR - Failed to populate database
2025-02-27 14:59:49 - scripts.populate_sample_data - INFO - Populating database with 48 records over 48 hours...
2025-02-27 14:59:49 - scripts.populate_sample_data - INFO - Generating network status data...
2025-02-27 14:59:49 - scripts.populate_sample_data - ERROR - Error populating database: 'DatabaseCache' object has no attribute 'store_network_status_history'
2025-02-27 14:59:49 - scripts.populate_sample_data - ERROR - Failed to populate database
2025-02-27 15:00:55 - scripts.populate_sample_data - INFO - Populating database with 48 records over 48 hours...
2025-02-27 15:00:55 - scripts.populate_sample_data - INFO - Generating network status data...
2025-02-27 15:00:56 - scripts.populate_sample_data - INFO - Generating mint analytics data...
2025-02-27 15:00:59 - scripts.populate_sample_data - INFO - Generating pump tokens data...
2025-02-27 15:01:07 - scripts.populate_sample_data - INFO - Generating RPC nodes data...
2025-02-27 15:01:07 - scripts.populate_sample_data - INFO - Generating performance metrics data...
2025-02-27 15:01:08 - scripts.populate_sample_data - INFO - Sample data population complete
2025-02-27 15:01:08 - scripts.populate_sample_data - INFO - Database populated successfully
2025-02-27 15:01:40 - scripts.populate_sample_data - INFO - Populating database with 48 records over 48 hours...
2025-02-27 15:01:40 - scripts.populate_sample_data - INFO - Generating network status data...
2025-02-27 15:01:41 - scripts.populate_sample_data - INFO - Generating mint analytics data...
2025-02-27 15:01:43 - scripts.populate_sample_data - INFO - Generating pump tokens data...
2025-02-27 15:01:52 - scripts.populate_sample_data - INFO - Generating RPC nodes data...
2025-02-27 15:01:52 - scripts.populate_sample_data - INFO - Generating performance metrics data...
2025-02-27 15:01:53 - scripts.populate_sample_data - INFO - Sample data population complete
2025-02-27 15:01:53 - scripts.populate_sample_data - INFO - Database populated successfully
2025-02-27 15:02:28 - scripts.populate_sample_data - INFO - Populating database with 48 records over 48 hours...
2025-02-27 15:02:28 - scripts.populate_sample_data - INFO - Generating network status data...
2025-02-27 15:02:28 - scripts.populate_sample_data - INFO - Generating mint analytics data...
2025-02-27 15:02:29 - scripts.populate_sample_data - INFO - Generating pump tokens data...
2025-02-27 15:02:30 - scripts.populate_sample_data - INFO - Generating RPC nodes data...
2025-02-27 15:02:30 - scripts.populate_sample_data - INFO - Generating performance metrics data...
2025-02-27 15:02:31 - scripts.populate_sample_data - INFO - Sample data population complete
2025-02-27 15:02:31 - scripts.populate_sample_data - INFO - Database populated successfully
